<?xml version="1.0" encoding="UTF-8"?>
<!-- Generated by org.testng.reporters.JUnitXMLReporter -->
<testsuite hostname="kiran-PC" ignored="5" name="Default test" tests="1" failures="0" timestamp="15 Nov 2022 03:22:57 GMT" time="88.831" errors="0">
  <testcase name="verify_DeleteLocationData" time="24.065" classname="com.supermarket.tests.ManageLocationTest"/>
  <testcase name="verify_LocationInformationTextAlertMessage" time="0.0" classname="com.supermarket.tests.ManageLocationTest">
    <ignored/>
  </testcase> <!-- verify_LocationInformationTextAlertMessage -->
  <testcase name="verify_Add_NewLocationInformations" time="0.0" classname="com.supermarket.tests.ManageLocationTest">
    <ignored/>
  </testcase> <!-- verify_Add_NewLocationInformations -->
  <testcase name="verify_LocationStatusDeactivation" time="0.0" classname="com.supermarket.tests.ManageLocationTest">
    <ignored/>
  </testcase> <!-- verify_LocationStatusDeactivation -->
  <testcase name="verify_Search_Location" time="0.0" classname="com.supermarket.tests.ManageLocationTest">
    <ignored/>
  </testcase> <!-- verify_Search_Location -->
  <testcase name="verify_UpdateFunctionalityOfLocation" time="0.0" classname="com.supermarket.tests.ManageLocationTest">
    <ignored/>
  </testcase> <!-- verify_UpdateFunctionalityOfLocation -->
</testsuite> <!-- Default test -->
