<?xml version="1.0" encoding="UTF-8"?>
<!-- Generated by org.testng.reporters.JUnitXMLReporter -->
<testsuite hostname="kiran-PC" ignored="2" name="Default test" tests="1" failures="0" timestamp="26 Oct 2022 14:06:59 GMT" time="15.749" errors="0">
  <testcase name="verify_colorofSendButton" time="3.596" classname="com.supermarket.tests.PushNotificationTest"/>
  <testcase name="verify_PushNotification" time="0.0" classname="com.supermarket.tests.PushNotificationTest">
    <ignored/>
  </testcase> <!-- verify_PushNotification -->
  <testcase name="create_pushNotificationDatabyDataproviderclass" time="0.0" classname="com.supermarket.tests.PushNotificationTest">
    <ignored/>
  </testcase> <!-- create_pushNotificationDatabyDataproviderclass -->
</testsuite> <!-- Default test -->
