<?xml version="1.0" encoding="UTF-8"?>
<testng-results skipped="0" failed="0" ignored="2" total="3" passed="1">
  <reporter-output>
  </reporter-output>
  <suite name="Default suite" duration-ms="40560" started-at="2022-10-30T14:17:53Z" finished-at="2022-10-30T14:18:34Z">
    <groups>
    </groups>
    <test name="Default test" duration-ms="40560" started-at="2022-10-30T14:17:53Z" finished-at="2022-10-30T14:18:34Z">
      <class name="com.supermarket.tests.AdminUsersTest">
        <test-method status="PASS" signature="setUp()[pri:0, instance:com.supermarket.tests.AdminUsersTest@4bbfb90a]" name="setUp" is-config="true" duration-ms="23602" started-at="2022-10-30T19:47:53Z" finished-at="2022-10-30T19:48:17Z">
          <reporter-output>
          </reporter-output>
        </test-method> <!-- setUp -->
        <test-method status="PASS" signature="verify_AdminUsersLogo()[pri:0, instance:com.supermarket.tests.AdminUsersTest@4bbfb90a]" name="verify_AdminUsersLogo" duration-ms="16898" started-at="2022-10-30T19:48:17Z" finished-at="2022-10-30T19:48:34Z">
          <reporter-output>
          </reporter-output>
        </test-method> <!-- verify_AdminUsersLogo -->
        <test-method status="PASS" signature="tearDown(org.testng.ITestResult)[pri:0, instance:com.supermarket.tests.AdminUsersTest@4bbfb90a]" name="tearDown" is-config="true" duration-ms="25" started-at="2022-10-30T19:48:34Z" finished-at="2022-10-30T19:48:34Z">
          <params>
            <param index="0">
              <value>
                <![CDATA[[TestResult name=verify_AdminUsersLogo status=SUCCESS method=AdminUsersTest.verify_AdminUsersLogo()[pri:0, instance:com.supermarket.tests.AdminUsersTest@4bbfb90a] output={null}]]]>
              </value>
            </param>
          </params>
          <reporter-output>
          </reporter-output>
        </test-method> <!-- tearDown -->
      </class> <!-- com.supermarket.tests.AdminUsersTest -->
    </test> <!-- Default test -->
  </suite> <!-- Default suite -->
</testng-results>
