<?xml version="1.0" encoding="UTF-8"?>
<!-- Generated by org.testng.reporters.JUnitXMLReporter -->
<testsuite hostname="kiran-PC" ignored="6" name="buildverification" tests="3" failures="0" timestamp="01 Nov 2022 02:33:54 GMT" time="118.232" errors="0">
  <testcase name="verify_Login" time="13.551" classname="com.supermarket.tests.LoginTest"/>
  <testcase name="verify_RememeberMeCheckBox" time="0.472" classname="com.supermarket.tests.LoginTest"/>
  <testcase name="verify_DeliveryBoyStatusDeactivation" time="9.693" classname="com.supermarket.tests.ManageDeliveryBoyTest"/>
  <testcase name="create_DeliveryBoyDetailsByDataproviderclass" time="0.0" classname="com.supermarket.tests.ManageDeliveryBoyTest">
    <ignored/>
  </testcase> <!-- create_DeliveryBoyDetailsByDataproviderclass -->
  <testcase name="verify_Add_NewDeliveryBoy" time="0.0" classname="com.supermarket.tests.ManageDeliveryBoyTest">
    <ignored/>
  </testcase> <!-- verify_Add_NewDeliveryBoy -->
  <testcase name="verify_DeliveryBoyTextAlertMessage" time="0.0" classname="com.supermarket.tests.ManageDeliveryBoyTest">
    <ignored/>
  </testcase> <!-- verify_DeliveryBoyTextAlertMessage -->
  <testcase name="verify_BackGroundColorOfNewButton" time="0.0" classname="com.supermarket.tests.ManageDeliveryBoyTest">
    <ignored/>
  </testcase> <!-- verify_BackGroundColorOfNewButton -->
  <testcase name="verify_DeleteDeliveryBoyAction" time="0.0" classname="com.supermarket.tests.ManageDeliveryBoyTest">
    <ignored/>
  </testcase> <!-- verify_DeleteDeliveryBoyAction -->
  <testcase name="verify_InvalidLogin_AlertMessage" time="0.0" classname="com.supermarket.tests.LoginTest">
    <ignored/>
  </testcase> <!-- verify_InvalidLogin_AlertMessage -->
</testsuite> <!-- buildverification -->
